0 verbose cli /usr/local/bin/node /usr/local/bin/npm
1 info using npm@10.5.0
2 info using node@v20.11.1
3 timing npm:load:whichnode Completed in 0ms
4 timing config:load:defaults Completed in 1ms
5 timing config:load:file:/usr/local/lib/node_modules/npm/npmrc Completed in 1ms
6 timing config:load:builtin Completed in 1ms
7 timing config:load:cli Completed in 1ms
8 timing config:load:env Completed in 0ms
9 timing config:load:project Completed in 0ms
10 timing config:load:file:/home/container/.npmrc Completed in 0ms
11 timing config:load:user Completed in 0ms
12 timing config:load:file:/usr/local/etc/npmrc Completed in 0ms
13 timing config:load:global Completed in 0ms
14 timing config:load:setEnvs Completed in 0ms
15 timing config:load Completed in 4ms
16 timing npm:load:configload Completed in 4ms
17 timing config:load:flatten Completed in 1ms
18 timing npm:load:mkdirpcache Completed in 0ms
19 timing npm:load:mkdirplogs Completed in 0ms
20 verbose title npm install
21 verbose argv "install"
22 timing npm:load:setTitle Completed in 1ms
23 timing npm:load:display Completed in 0ms
24 verbose logfile logs-max:10 dir:/home/container/.npm/_logs/2024-03-14T23_57_15_604Z-
25 verbose logfile /home/container/.npm/_logs/2024-03-14T23_57_15_604Z-debug-0.log
26 timing npm:load:logFile Completed in 4ms
27 timing npm:load:timers Completed in 0ms
28 timing npm:load:configScope Completed in 0ms
29 timing npm:load Completed in 16ms
30 timing arborist:ctor Completed in 1ms
31 silly logfile done cleaning log files
32 timing idealTree:init Completed in 41ms
33 timing idealTree:userRequests Completed in 0ms
34 silly idealTree buildDeps
35 timing idealTree:#root Completed in 0ms
36 timing idealTree:buildDeps Completed in 1ms
37 timing idealTree:fixDepFlags Completed in 0ms
38 timing idealTree Completed in 44ms
39 verbose shrinkwrap failed to load node_modules/.package-lock.json out of date, updated: node_modules
40 timing reify:loadTrees Completed in 103ms
41 timing reify:diffTrees Completed in 3ms
42 silly reify mark retired [
42 silly reify   '/home/container/node_modules/color-support',
42 silly reify   '/home/container/node_modules/.bin/color-support'
42 silly reify ]
43 silly reify mark retired [
43 silly reify   '/home/container/node_modules/mime',
43 silly reify   '/home/container/node_modules/.bin/mime'
43 silly reify ]
44 silly reify mark retired [
44 silly reify   '/home/container/node_modules/mkdirp',
44 silly reify   '/home/container/node_modules/.bin/mkdirp'
44 silly reify ]
45 silly reify mark retired [
45 silly reify   '/home/container/node_modules/node-gyp',
45 silly reify   '/home/container/node_modules/.bin/node-gyp'
45 silly reify ]
46 silly reify mark retired [
46 silly reify   '/home/container/node_modules/nopt',
46 silly reify   '/home/container/node_modules/.bin/nopt'
46 silly reify ]
47 silly reify mark retired [
47 silly reify   '/home/container/node_modules/prebuild-install',
47 silly reify   '/home/container/node_modules/.bin/prebuild-install'
47 silly reify ]
48 silly reify mark retired [
48 silly reify   '/home/container/node_modules/rc',
48 silly reify   '/home/container/node_modules/.bin/rc'
48 silly reify ]
49 silly reify mark retired [
49 silly reify   '/home/container/node_modules/rimraf',
49 silly reify   '/home/container/node_modules/.bin/rimraf'
49 silly reify ]
50 silly reify mark retired [
50 silly reify   '/home/container/node_modules/semver',
50 silly reify   '/home/container/node_modules/.bin/semver'
50 silly reify ]
51 silly reify mark retired [
51 silly reify   '/home/container/node_modules/uuid',
51 silly reify   '/home/container/node_modules/.bin/uuid'
51 silly reify ]
52 silly reify mark retired [
52 silly reify   '/home/container/node_modules/which',
52 silly reify   '/home/container/node_modules/.bin/node-which'
52 silly reify ]
53 silly reify moves {
53 silly reify   '/home/container/node_modules/color-support': '/home/container/node_modules/.color-support-5ac2lo4P',
53 silly reify   '/home/container/node_modules/.bin/color-support': '/home/container/node_modules/.bin/.color-support-ZjgMNEO4',
53 silly reify   '/home/container/node_modules/mime': '/home/container/node_modules/.mime-OqpHjQqc',
53 silly reify   '/home/container/node_modules/.bin/mime': '/home/container/node_modules/.bin/.mime-eoW5cL08',
53 silly reify   '/home/container/node_modules/mkdirp': '/home/container/node_modules/.mkdirp-xuUfkeqX',
53 silly reify   '/home/container/node_modules/.bin/mkdirp': '/home/container/node_modules/.bin/.mkdirp-b95gaefK',
53 silly reify   '/home/container/node_modules/node-gyp': '/home/container/node_modules/.node-gyp-Dv3bjjMj',
53 silly reify   '/home/container/node_modules/.bin/node-gyp': '/home/container/node_modules/.bin/.node-gyp-lzpw4JPn',
53 silly reify   '/home/container/node_modules/nopt': '/home/container/node_modules/.nopt-IWywp9kP',
53 silly reify   '/home/container/node_modules/.bin/nopt': '/home/container/node_modules/.bin/.nopt-PFHIzoR7',
53 silly reify   '/home/container/node_modules/prebuild-install': '/home/container/node_modules/.prebuild-install-pSF4xhYg',
53 silly reify   '/home/container/node_modules/.bin/prebuild-install': '/home/container/node_modules/.bin/.prebuild-install-EWJATqHo',
53 silly reify   '/home/container/node_modules/rc': '/home/container/node_modules/.rc-FiBbgigo',
53 silly reify   '/home/container/node_modules/.bin/rc': '/home/container/node_modules/.bin/.rc-I4Fmd0q9',
53 silly reify   '/home/container/node_modules/rimraf': '/home/container/node_modules/.rimraf-1HSCxFRz',
53 silly reify   '/home/container/node_modules/.bin/rimraf': '/home/container/node_modules/.bin/.rimraf-jPGCiEH2',
53 silly reify   '/home/container/node_modules/semver': '/home/container/node_modules/.semver-clkkOKMn',
53 silly reify   '/home/container/node_modules/.bin/semver': '/home/container/node_modules/.bin/.semver-6FrAJfdb',
53 silly reify   '/home/container/node_modules/uuid': '/home/container/node_modules/.uuid-bJQR8Pxz',
53 silly reify   '/home/container/node_modules/.bin/uuid': '/home/container/node_modules/.bin/.uuid-GjpJUL4x',
53 silly reify   '/home/container/node_modules/which': '/home/container/node_modules/.which-a0RAFcK4',
53 silly reify   '/home/container/node_modules/.bin/node-which': '/home/container/node_modules/.bin/.node-which-YffGGleL'
53 silly reify }
54 timing reify:retireShallow Completed in 4ms
55 timing reify:createSparse Completed in 0ms
56 timing reify:loadBundles Completed in 0ms
57 silly audit bulk request {
57 silly audit   '@gar/promisify': [ '1.1.3' ],
57 silly audit   '@npmcli/fs': [ '1.1.1' ],
57 silly audit   '@npmcli/move-file': [ '1.1.2' ],
57 silly audit   '@tootallnate/once': [ '1.1.2' ],
57 silly audit   '@types/debug': [ '4.1.12' ],
57 silly audit   '@types/ms': [ '0.7.34' ],
57 silly audit   '@types/node': [ '18.0.6' ],
57 silly audit   '@types/validator': [ '13.11.9' ],
57 silly audit   abbrev: [ '1.1.1' ],
57 silly audit   accepts: [ '1.3.8' ],
57 silly audit   'afinn-165': [ '1.0.4' ],
57 silly audit   'afinn-165-financialmarketnews': [ '3.0.0' ],
57 silly audit   'agent-base': [ '6.0.2' ],
57 silly audit   debug: [ '4.3.4', '2.6.9' ],
57 silly audit   ms: [ '2.1.2', '2.0.0', '2.1.3' ],
57 silly audit   agentkeepalive: [ '4.5.0' ],
57 silly audit   'aggregate-error': [ '3.1.0' ],
57 silly audit   'ansi-regex': [ '5.0.1' ],
57 silly audit   apparatus: [ '0.0.10' ],
57 silly audit   aproba: [ '2.0.0' ],
57 silly audit   'are-we-there-yet': [ '3.0.1' ],
57 silly audit   'array-flatten': [ '1.1.1' ],
57 silly audit   asynckit: [ '0.4.0' ],
57 silly audit   axios: [ '1.6.7' ],
57 silly audit   'balanced-match': [ '1.0.2' ],
57 silly audit   'base64-js': [ '1.5.1' ],
57 silly audit   'better-sqlite3': [ '9.4.3' ],
57 silly audit   bindings: [ '1.5.0' ],
57 silly audit   bl: [ '4.1.0' ],
57 silly audit   'body-parser': [ '1.20.1' ],
57 silly audit   'brace-expansion': [ '1.1.11' ],
57 silly audit   buffer: [ '5.7.1' ],
57 silly audit   bytes: [ '3.1.2' ],
57 silly audit   cacache: [ '15.3.0' ],
57 silly audit   'call-bind': [ '1.0.6' ],
57 silly audit   chownr: [ '2.0.0', '1.1.4' ],
57 silly audit   'clean-stack': [ '2.2.0' ],
57 silly audit   'color-support': [ '1.1.3' ],
57 silly audit   'combined-stream': [ '1.0.8' ],
57 silly audit   'concat-map': [ '0.0.1' ],
57 silly audit   'console-control-strings': [ '1.1.0' ],
57 silly audit   'content-disposition': [ '0.5.4' ],
57 silly audit   'content-type': [ '1.0.5' ],
57 silly audit   cookie: [ '0.5.0' ],
57 silly audit   'cookie-signature': [ '1.0.6' ],
57 silly audit   'data-uri-to-buffer': [ '4.0.0' ],
57 silly audit   'decompress-response': [ '6.0.0' ],
57 silly audit   'deep-extend': [ '0.6.0' ],
57 silly audit   'define-data-property': [ '1.1.2' ],
57 silly audit   'delayed-stream': [ '1.0.0' ],
57 silly audit   delegates: [ '1.0.0' ],
57 silly audit   depd: [ '2.0.0' ],
57 silly audit   destroy: [ '1.2.0' ],
57 silly audit   'detect-libc': [ '2.0.2' ],
57 silly audit   dottie: [ '2.0.6' ],
57 silly audit   'ee-first': [ '1.1.1' ],
57 silly audit   'emoji-regex': [ '8.0.0' ],
57 silly audit   encodeurl: [ '1.0.2' ],
57 silly audit   encoding: [ '0.1.13' ],
57 silly audit   'iconv-lite': [ '0.6.3', '0.4.24' ],
57 silly audit   'end-of-stream': [ '1.4.4' ],
57 silly audit   'env-paths': [ '2.2.1' ],
57 silly audit   'err-code': [ '2.0.3' ],
57 silly audit   'es-errors': [ '1.3.0' ],
57 silly audit   'escape-html': [ '1.0.3' ],
57 silly audit   etag: [ '1.8.1' ],
57 silly audit   'expand-template': [ '2.0.3' ],
57 silly audit   express: [ '4.18.2' ],
57 silly audit   'fetch-blob': [ '3.1.5' ],
57 silly audit   'file-uri-to-path': [ '1.0.0' ],
57 silly audit   finalhandler: [ '1.2.0' ],
57 silly audit   'follow-redirects': [ '1.15.5' ],
57 silly audit   'form-data': [ '4.0.0' ],
57 silly audit   'formdata-polyfill': [ '4.0.10' ],
57 silly audit   forwarded: [ '0.2.0' ],
57 silly audit   fresh: [ '0.5.2' ],
57 silly audit   'fs-constants': [ '1.0.0' ],
57 silly audit   'fs-minipass': [ '2.1.0' ],
57 silly audit   'fs.realpath': [ '1.0.0' ],
57 silly audit   'function-bind': [ '1.1.2' ],
57 silly audit   gauge: [ '4.0.4' ],
57 silly audit   'get-intrinsic': [ '1.2.4' ],
57 silly audit   'github-from-package': [ '0.0.0' ],
57 silly audit   glob: [ '7.2.3' ],
57 silly audit   gopd: [ '1.0.1' ],
57 silly audit   'graceful-fs': [ '4.2.11' ],
57 silly audit   'has-property-descriptors': [ '1.0.1' ],
57 silly audit   'has-proto': [ '1.0.1' ],
57 silly audit   'has-symbols': [ '1.0.3' ],
57 silly audit   'has-unicode': [ '2.0.1' ],
57 silly audit   hasown: [ '2.0.0' ],
57 silly audit   'http-cache-semantics': [ '4.1.1' ],
57 silly audit   'http-errors': [ '2.0.0' ],
57 silly audit   'http-proxy-agent': [ '4.0.1' ],
57 silly audit   'https-proxy-agent': [ '5.0.1' ],
57 silly audit   'humanize-ms': [ '1.2.1' ],
57 silly audit   ieee754: [ '1.2.1' ],
57 silly audit   imurmurhash: [ '0.1.4' ],
57 silly audit   'indent-string': [ '4.0.0' ],
57 silly audit   'infer-owner': [ '1.0.4' ],
57 silly audit   inflection: [ '1.13.4' ],
57 silly audit   inflight: [ '1.0.6' ],
57 silly audit   inherits: [ '2.0.4' ],
57 silly audit   ini: [ '1.3.8' ],
57 silly audit   'ip-address': [ '9.0.5' ],
57 silly audit   'ipaddr.js': [ '1.9.1' ],
57 silly audit   'is-fullwidth-code-point': [ '3.0.0' ],
57 silly audit   'is-lambda': [ '1.0.1' ],
57 silly audit   isexe: [ '2.0.0' ],
57 silly audit   jsbn: [ '1.1.0' ],
57 silly audit   lodash: [ '4.17.21' ],
57 silly audit   'lru-cache': [ '6.0.0' ],
57 silly audit   'make-fetch-happen': [ '9.1.0' ],
57 silly audit   'media-typer': [ '0.3.0' ],
57 silly audit   'merge-descriptors': [ '1.0.1' ],
57 silly audit   methods: [ '1.1.2' ],
57 silly audit   mime: [ '1.6.0' ],
57 silly audit   'mime-db': [ '1.52.0' ],
57 silly audit   'mime-types': [ '2.1.35' ],
57 silly audit   'mimic-response': [ '3.1.0' ],
57 silly audit   minimatch: [ '3.1.2' ],
57 silly audit   minimist: [ '1.2.8' ],
57 silly audit   minipass: [ '3.3.6', '5.0.0' ],
57 silly audit   'minipass-collect': [ '1.0.2' ],
57 silly audit   'minipass-fetch': [ '1.4.1' ],
57 silly audit   'minipass-flush': [ '1.0.5' ],
57 silly audit   'minipass-pipeline': [ '1.2.4' ],
57 silly audit   'minipass-sized': [ '1.0.3' ],
57 silly audit   minizlib: [ '2.1.2' ],
57 silly audit   mkdirp: [ '1.0.4' ],
57 silly audit   'mkdirp-classic': [ '0.5.3' ],
57 silly audit   moment: [ '2.30.1' ],
57 silly audit   'moment-timezone': [ '0.5.45' ],
57 silly audit   'napi-build-utils': [ '1.0.2' ],
57 silly audit   natural: [ '6.10.4' ],
57 silly audit   negotiator: [ '0.6.3' ],
57 silly audit   'node-abi': [ '3.54.0' ],
57 silly audit   'node-addon-api': [ '7.1.0' ],
57 silly audit   'node-domexception': [ '1.0.0' ],
57 silly audit   'node-fetch': [ '3.3.0' ],
57 silly audit   'node-gyp': [ '8.4.1' ],
57 silly audit   nopt: [ '5.0.0' ],
57 silly audit   npmlog: [ '6.0.2' ],
57 silly audit   'object-inspect': [ '1.13.1' ],
57 silly audit   'on-finished': [ '2.4.1' ],
57 silly audit   once: [ '1.4.0' ],
57 silly audit   'p-map': [ '4.0.0' ],
57 silly audit   parseurl: [ '1.3.3' ],
57 silly audit   'path-is-absolute': [ '1.0.1' ],
57 silly audit   'path-to-regexp': [ '0.1.7' ],
57 silly audit   'pg-connection-string': [ '2.6.2' ],
57 silly audit   'prebuild-install': [ '7.1.1' ],
57 silly audit   'promise-inflight': [ '1.0.1' ],
57 silly audit   'promise-retry': [ '2.0.1' ],
57 silly audit   'proxy-addr': [ '2.0.7' ],
57 silly audit   'proxy-from-env': [ '1.1.0' ],
57 silly audit   pump: [ '3.0.0' ],
57 silly audit   qs: [ '6.11.0' ],
57 silly audit   'range-parser': [ '1.2.1' ],
57 silly audit   'raw-body': [ '2.5.1' ],
57 silly audit   rc: [ '1.2.8' ],
57 silly audit   'readable-stream': [ '3.6.2' ],
57 silly audit   retry: [ '0.12.0' ],
57 silly audit   'retry-as-promised': [ '7.0.4' ],
57 silly audit   rimraf: [ '3.0.2' ],
57 silly audit   'safe-buffer': [ '5.2.1' ],
57 silly audit   'safe-stable-stringify': [ '2.4.3' ],
57 silly audit   'safer-buffer': [ '2.1.2' ],
57 silly audit   semver: [ '7.6.0' ],
57 silly audit   send: [ '0.18.0' ],
57 silly audit   sequelize: [ '6.37.1' ],
57 silly audit   'sequelize-pool': [ '7.1.0' ],
57 silly audit   'serve-static': [ '1.15.0' ],
57 silly audit   'set-blocking': [ '2.0.0' ],
57 silly audit   'set-function-length': [ '1.2.1' ],
57 silly audit   setprototypeof: [ '1.2.0' ],
57 silly audit   'side-channel': [ '1.0.5' ],
57 silly audit   'signal-exit': [ '3.0.7' ],
57 silly audit   'simple-concat': [ '1.0.1' ],
57 silly audit   'simple-get': [ '4.0.1' ],
57 silly audit   'smart-buffer': [ '4.2.0' ],
57 silly audit   socks: [ '2.7.3' ],
57 silly audit   'socks-proxy-agent': [ '6.2.1' ],
57 silly audit   'sprintf-js': [ '1.1.3' ],
57 silly audit   sqlite3: [ '5.1.7' ],
57 silly audit   ssri: [ '8.0.1' ],
57 silly audit   statuses: [ '2.0.1' ],
57 silly audit   'stopwords-iso': [ '1.1.0' ],
57 silly audit   string_decoder: [ '1.3.0' ],
57 silly audit   'string-similarity': [ '4.0.4' ],
57 silly audit   'string-width': [ '4.2.3' ],
57 silly audit   'strip-ansi': [ '6.0.1' ],
57 silly audit   'strip-json-comments': [ '2.0.1' ],
57 silly audit   sylvester: [ '0.0.12' ],
57 silly audit   tar: [ '6.2.0' ],
57 silly audit   'tar-fs': [ '2.1.1' ],
57 silly audit   'tar-stream': [ '2.2.0' ],
57 silly audit   toidentifier: [ '1.0.1' ],
57 silly audit   'toposort-class': [ '1.0.1' ],
57 silly audit   'tunnel-agent': [ '0.6.0' ],
57 silly audit   'type-is': [ '1.6.18' ],
57 silly audit   underscore: [ '1.13.6' ],
57 silly audit   'unique-filename': [ '1.1.1' ],
57 silly audit   'unique-slug': [ '2.0.2' ],
57 silly audit   unpipe: [ '1.0.0' ],
57 silly audit   'util-deprecate': [ '1.0.2' ],
57 silly audit   'utils-merge': [ '1.0.1' ],
57 silly audit   uuid: [ '8.3.2' ],
57 silly audit   validator: [ '13.11.0' ],
57 silly audit   vary: [ '1.1.2' ],
57 silly audit   'web-streams-polyfill': [ '3.2.1' ],
57 silly audit   which: [ '2.0.2' ],
57 silly audit   'wide-align': [ '1.1.5' ],
57 silly audit   wkx: [ '0.5.0' ],
57 silly audit   'wordnet-db': [ '3.1.14' ],
57 silly audit   wrappy: [ '1.0.2' ],
57 silly audit   yallist: [ '4.0.0' ]
57 silly audit }
58 silly tarball no local data for which@https://registry.npmjs.org/which/-/which-2.0.2.tgz. Extracting by manifest.
59 silly tarball no local data for uuid@https://registry.npmjs.org/uuid/-/uuid-8.3.2.tgz. Extracting by manifest.
60 silly tarball no local data for rimraf@https://registry.npmjs.org/rimraf/-/rimraf-3.0.2.tgz. Extracting by manifest.
61 silly tarball no local data for rc@https://registry.npmjs.org/rc/-/rc-1.2.8.tgz. Extracting by manifest.
62 silly tarball no local data for semver@https://registry.npmjs.org/semver/-/semver-7.6.0.tgz. Extracting by manifest.
63 silly tarball no local data for nopt@https://registry.npmjs.org/nopt/-/nopt-5.0.0.tgz. Extracting by manifest.
64 silly tarball no local data for node-gyp@https://registry.npmjs.org/node-gyp/-/node-gyp-8.4.1.tgz. Extracting by manifest.
65 silly tarball no local data for mime@https://registry.npmjs.org/mime/-/mime-1.6.0.tgz. Extracting by manifest.
66 silly tarball no local data for prebuild-install@https://registry.npmjs.org/prebuild-install/-/prebuild-install-7.1.1.tgz. Extracting by manifest.
67 silly tarball no local data for mkdirp@https://registry.npmjs.org/mkdirp/-/mkdirp-1.0.4.tgz. Extracting by manifest.
68 silly tarball no local data for color-support@https://registry.npmjs.org/color-support/-/color-support-1.1.3.tgz. Extracting by manifest.
69 http fetch GET 200 https://registry.npmjs.org/npm 318ms
70 http fetch GET 200 https://registry.npmjs.org/rimraf/-/rimraf-3.0.2.tgz 189ms (cache miss)
71 timing reifyNode:node_modules/rimraf Completed in 198ms
72 http fetch GET 200 https://registry.npmjs.org/which/-/which-2.0.2.tgz 190ms (cache miss)
73 timing reifyNode:node_modules/which Completed in 198ms
74 http fetch GET 200 https://registry.npmjs.org/nopt/-/nopt-5.0.0.tgz 188ms (cache miss)
75 timing reifyNode:node_modules/nopt Completed in 198ms
76 http fetch GET 200 https://registry.npmjs.org/color-support/-/color-support-1.1.3.tgz 188ms (cache miss)
77 timing reifyNode:node_modules/color-support Completed in 199ms
78 http fetch GET 200 https://registry.npmjs.org/mkdirp/-/mkdirp-1.0.4.tgz 188ms (cache miss)
79 timing reifyNode:node_modules/mkdirp Completed in 199ms
80 http fetch GET 200 https://registry.npmjs.org/rc/-/rc-1.2.8.tgz 191ms (cache miss)
81 timing reifyNode:node_modules/rc Completed in 200ms
82 http fetch GET 200 https://registry.npmjs.org/prebuild-install/-/prebuild-install-7.1.1.tgz 191ms (cache miss)
83 timing reifyNode:node_modules/prebuild-install Completed in 202ms
84 http fetch GET 200 https://registry.npmjs.org/mime/-/mime-1.6.0.tgz 193ms (cache miss)
85 timing reifyNode:node_modules/mime Completed in 204ms
86 http fetch GET 200 https://registry.npmjs.org/semver/-/semver-7.6.0.tgz 205ms (cache miss)
87 timing reifyNode:node_modules/semver Completed in 215ms
88 http fetch GET 200 https://registry.npmjs.org/uuid/-/uuid-8.3.2.tgz 207ms (cache miss)
89 timing reifyNode:node_modules/uuid Completed in 216ms
90 http fetch GET 200 https://registry.npmjs.org/node-gyp/-/node-gyp-8.4.1.tgz 271ms (cache miss)
91 timing reifyNode:node_modules/node-gyp Completed in 281ms
92 timing reify:unpack Completed in 282ms
93 timing reify:unretire Completed in 0ms
94 timing build:queue Completed in 0ms
95 timing build:link:node_modules/color-support Completed in 3ms
96 timing build:link:node_modules/mkdirp Completed in 2ms
97 timing build:link:node_modules/mime Completed in 2ms
98 timing build:link:node_modules/rc Completed in 2ms
99 timing build:link:node_modules/nopt Completed in 2ms
100 timing build:link:node_modules/prebuild-install Completed in 2ms
101 timing build:link:node_modules/node-gyp Completed in 2ms
102 timing build:link:node_modules/rimraf Completed in 2ms
103 timing build:link:node_modules/semver Completed in 2ms
104 timing build:link:node_modules/uuid Completed in 2ms
105 timing build:link:node_modules/which Completed in 2ms
106 timing build:link Completed in 3ms
107 timing build:deps Completed in 3ms
108 timing build Completed in 3ms
109 timing reify:build Completed in 3ms
110 timing reify:trash Completed in 8ms
111 http fetch POST 200 https://registry.npmjs.org/-/npm/v1/security/advisories/bulk 382ms
112 timing auditReport:getReport Completed in 384ms
113 silly audit report {
113 silly audit report   'follow-redirects': [
113 silly audit report     {
113 silly audit report       id: 1096692,
113 silly audit report       url: 'https://github.com/advisories/GHSA-cxjh-pqwp-8mfp',
113 silly audit report       title: "follow-redirects' Proxy-Authorization header kept across hosts",
113 silly audit report       severity: 'moderate',
113 silly audit report       vulnerable_versions: '<=1.15.5',
113 silly audit report       cwe: [],
113 silly audit report       cvss: [Object]
113 silly audit report     }
113 silly audit report   ]
113 silly audit report }
114 timing reify:save Completed in 88ms
115 timing metavuln:cache:get:security-advisory:follow-redirects:ysw46ru6wYHlDOzHijDPkbFhgca7dolHXlX2hi8LzMKKNqUBbiOtkVmtMKuixtFztpku2yKUIeNMKj863zqT3A== Completed in 13ms
116 http fetch GET 200 https://registry.npmjs.org/follow-redirects 59ms (cache miss)
117 timing metavuln:packument:follow-redirects Completed in 62ms
118 timing metavuln:load:security-advisory:follow-redirects:1096692 Completed in 5ms
119 timing metavuln:cache:put:security-advisory:follow-redirects:ysw46ru6wYHlDOzHijDPkbFhgca7dolHXlX2hi8LzMKKNqUBbiOtkVmtMKuixtFztpku2yKUIeNMKj863zqT3A== Completed in 17ms
120 timing metavuln:calculate:security-advisory:follow-redirects:1096692 Completed in 84ms
121 timing metavuln:cache:get:security-advisory:axios:SSlQErcMfdS8QJBEPgQp7sSESxbNX6mTC9LKzolehLkboY+gH9eryVfy+2B94zfnn90R8ekpQZGouLr28z65Ag== Completed in 2ms
122 http fetch GET 200 https://registry.npmjs.org/axios 56ms (cache miss)
123 timing metavuln:packument:axios Completed in 60ms
124 timing metavuln:load:security-advisory:axios:ysw46ru6wYHlDOzHijDPkbFhgca7dolHXlX2hi8LzMKKNqUBbiOtkVmtMKuixtFztpku2yKUIeNMKj863zqT3A== Completed in 7ms
125 timing metavuln:cache:put:security-advisory:axios:SSlQErcMfdS8QJBEPgQp7sSESxbNX6mTC9LKzolehLkboY+gH9eryVfy+2B94zfnn90R8ekpQZGouLr28z65Ag== Completed in 2ms
126 timing metavuln:calculate:security-advisory:axios:ysw46ru6wYHlDOzHijDPkbFhgca7dolHXlX2hi8LzMKKNqUBbiOtkVmtMKuixtFztpku2yKUIeNMKj863zqT3A== Completed in 70ms
127 timing auditReport:init Completed in 155ms
128 timing reify:audit Completed in 539ms
129 timing reify Completed in 721ms
130 silly CHANGE node_modules/which
131 silly CHANGE node_modules/uuid
132 silly CHANGE node_modules/semver
133 silly CHANGE node_modules/rimraf
134 silly CHANGE node_modules/rc
135 silly CHANGE node_modules/prebuild-install
136 silly CHANGE node_modules/nopt
137 silly CHANGE node_modules/node-gyp
138 silly CHANGE node_modules/mkdirp
139 silly CHANGE node_modules/mime
140 silly CHANGE node_modules/color-support
141 timing command:install Completed in 726ms
142 verbose exit 0
143 timing npm Completed in 833ms
144 info ok
